{
  "RSpec": {
    "coverage": {
      "/Users/shanahausman/challenges/side-projects/job_search/app/helpers/application_helper.rb": [
        1,
        null
      ],
      "/Users/shanahausman/challenges/side-projects/job_search/app/controllers/events_controller.rb": [
        1,
        1,
        2,
        null,
        null,
        1,
        3,
        null,
        null,
        1,
        2,
        2,
        1,
        1,
        null,
        1,
        1,
        null,
        null,
        null,
        1,
        2,
        null,
        null
      ],
      "/Users/shanahausman/challenges/side-projects/job_search/app/controllers/application_controller.rb": [
        1,
        1,
        null
      ],
      "/Users/shanahausman/challenges/side-projects/job_search/app/models/event.rb": [
        1,
        null,
        1,
        null
      ],
      "/Users/shanahausman/challenges/side-projects/job_search/app/channels/application_cable/channel.rb": [
        0,
        0,
        0,
        0
      ],
      "/Users/shanahausman/challenges/side-projects/job_search/app/channels/application_cable/connection.rb": [
        0,
        0,
        0,
        0
      ],
      "/Users/shanahausman/challenges/side-projects/job_search/app/jobs/application_job.rb": [
        0,
        0
      ],
      "/Users/shanahausman/challenges/side-projects/job_search/app/mailers/application_mailer.rb": [
        0,
        0,
        0,
        0
      ],
      "/Users/shanahausman/challenges/side-projects/job_search/app/models/application_record.rb": [
        0,
        0,
        0
      ]
    },
    "timestamp": 1507322143
  }
}
